# JRE version: OpenJDK Runtime Environment (16.0.2+7) (build 16.0.2+7-67)
# Java VM: OpenJDK 64-Bit Server VM (16.0.2+7-67, mixed mode, tiered, compressed oops, compressed class ptrs, g1 gc, windows-amd64)
GC Precious Log:
 CPUs: 20 total, 20 available
 Memory: 32689M
 Large Page Support: Disabled
 NUMA Support: Disabled
 Compressed Oops: Enabled (Zero based)
 Heap Region Size: 4M
 Heap Min Capacity: 8M
 Heap Initial Capacity: 512M
 Heap Max Capacity: 8176M
 Pre-touch: Disabled
 Parallel Workers: 15
 Concurrent Workers: 4
 Concurrent Refinement Workers: 15
 Periodic GC: Disabled
Heap:
 garbage-first heap   total 806912K, used 599770K [0x0000000601000000, 0x0000000800000000)
  region size 4096K, 20 young (81920K), 1 survivors (4096K)
 Metaspace       used 6171K, committed 6336K, reserved 1056768K
  class space    used 531K, committed 640K, reserved 1048576K
GC Heap History (20 events):
Event: 33544.844 GC heap before
{Heap before GC invocations=303379 (full 0):
 garbage-first heap   total 806912K, used 714642K [0x0000000601000000, 0x0000000800000000)
  region size 4096K, 47 young (192512K), 1 survivors (4096K)
 Metaspace       used 6171K, committed 6336K, reserved 1056768K
  class space    used 531K, committed 640K, reserved 1048576K
}
Event: 33544.844 GC heap after
{Heap after GC invocations=303380 (full 0):
 garbage-first heap   total 806912K, used 526001K [0x0000000601000000, 0x0000000800000000)
  region size 4096K, 1 young (4096K), 1 survivors (4096K)
 Metaspace       used 6171K, committed 6336K, reserved 1056768K
  class space    used 531K, committed 640K, reserved 1048576K
}
Event: 33544.926 GC heap before
{Heap before GC invocations=303380 (full 0):
 garbage-first heap   total 806912K, used 714417K [0x0000000601000000, 0x0000000800000000)
  region size 4096K, 47 young (192512K), 1 survivors (4096K)
 Metaspace       used 6171K, committed 6336K, reserved 1056768K
  class space    used 531K, committed 640K, reserved 1048576K
}
Event: 33544.927 GC heap after
{Heap after GC invocations=303381 (full 0):
 garbage-first heap   total 806912K, used 526038K [0x0000000601000000, 0x0000000800000000)
  region size 4096K, 1 young (4096K), 1 survivors (4096K)
 Metaspace       used 6171K, committed 6336K, reserved 1056768K
  class space    used 531K, committed 640K, reserved 1048576K
}
Event: 33545.020 GC heap before
{Heap before GC invocations=303381 (full 0):
 garbage-first heap   total 806912K, used 714454K [0x0000000601000000, 0x0000000800000000)
  region size 4096K, 47 young (192512K), 1 survivors (4096K)
 Metaspace       used 6171K, committed 6336K, reserved 1056768K
  class space    used 531K, committed 640K, reserved 1048576K
}
Event: 33545.021 GC heap after
{Heap after GC invocations=303382 (full 0):
 garbage-first heap   total 806912K, used 526194K [0x0000000601000000, 0x0000000800000000)
  region size 4096K, 1 young (4096K), 1 survivors (4096K)
 Metaspace       used 6171K, committed 6336K, reserved 1056768K
  class space    used 531K, committed 640K, reserved 1048576K
}
Event: 33545.119 GC heap before
{Heap before GC invocations=303382 (full 0):
 garbage-first heap   total 806912K, used 714610K [0x0000000601000000, 0x0000000800000000)
  region size 4096K, 47 young (192512K), 1 survivors (4096K)
 Metaspace       used 6171K, committed 6336K, reserved 1056768K
  class space    used 531K, committed 640K, reserved 1048576K
}
Event: 33545.119 GC heap after
{Heap after GC invocations=303383 (full 0):
 garbage-first heap   total 806912K, used 526195K [0x0000000601000000, 0x0000000800000000)
  region size 4096K, 1 young (4096K), 1 survivors (4096K)
 Metaspace       used 6171K, committed 6336K, reserved 1056768K
  class space    used 531K, committed 640K, reserved 1048576K
}
Event: 33545.215 GC heap before
{Heap before GC invocations=303383 (full 0):
 garbage-first heap   total 806912K, used 714611K [0x0000000601000000, 0x0000000800000000)
  region size 4096K, 47 young (192512K), 1 survivors (4096K)
 Metaspace       used 6171K, committed 6336K, reserved 1056768K
  class space    used 531K, committed 640K, reserved 1048576K
}
Event: 33545.215 GC heap after
{Heap after GC invocations=303384 (full 0):
 garbage-first heap   total 806912K, used 526200K [0x0000000601000000, 0x0000000800000000)
  region size 4096K, 1 young (4096K), 1 survivors (4096K)
 Metaspace       used 6171K, committed 6336K, reserved 1056768K
  class space    used 531K, committed 640K, reserved 1048576K
}
Event: 33545.296 GC heap before
{Heap before GC invocations=303384 (full 0):
 garbage-first heap   total 806912K, used 714616K [0x0000000601000000, 0x0000000800000000)
  region size 4096K, 47 young (192512K), 1 survivors (4096K)
 Metaspace       used 6171K, committed 6336K, reserved 1056768K
  class space    used 531K, committed 640K, reserved 1048576K
}
Event: 33545.296 GC heap after
{Heap after GC invocations=303385 (full 0):
 garbage-first heap   total 806912K, used 525951K [0x0000000601000000, 0x0000000800000000)
  region size 4096K, 1 young (4096K), 1 survivors (4096K)
 Metaspace       used 6171K, committed 6336K, reserved 1056768K
  class space    used 531K, committed 640K, reserved 1048576K
}
Event: 33545.374 GC heap before
{Heap before GC invocations=303385 (full 0):
 garbage-first heap   total 806912K, used 714367K [0x0000000601000000, 0x0000000800000000)
  region size 4096K, 47 young (192512K), 1 survivors (4096K)
 Metaspace       used 6171K, committed 6336K, reserved 1056768K
  class space    used 531K, committed 640K, reserved 1048576K
}
Event: 33545.375 GC heap after
{Heap after GC invocations=303386 (full 0):
 garbage-first heap   total 806912K, used 525810K [0x0000000601000000, 0x0000000800000000)
  region size 4096K, 1 young (4096K), 1 survivors (4096K)
 Metaspace       used 6171K, committed 6336K, reserved 1056768K
  class space    used 531K, committed 640K, reserved 1048576K
}
Event: 33545.444 GC heap before
{Heap before GC invocations=303386 (full 0):
 garbage-first heap   total 806912K, used 714226K [0x0000000601000000, 0x0000000800000000)
  region size 4096K, 47 young (192512K), 1 survivors (4096K)
 Metaspace       used 6171K, committed 6336K, reserved 1056768K
  class space    used 531K, committed 640K, reserved 1048576K
}
Event: 33545.444 GC heap after
{Heap after GC invocations=303387 (full 0):
 garbage-first heap   total 806912K, used 526019K [0x0000000601000000, 0x0000000800000000)
  region size 4096K, 1 young (4096K), 1 survivors (4096K)
 Metaspace       used 6171K, committed 6336K, reserved 1056768K
  class space    used 531K, committed 640K, reserved 1048576K
}
Event: 33545.510 GC heap before
{Heap before GC invocations=303387 (full 0):
 garbage-first heap   total 806912K, used 714435K [0x0000000601000000, 0x0000000800000000)
  region size 4096K, 47 young (192512K), 1 survivors (4096K)
 Metaspace       used 6171K, committed 6336K, reserved 1056768K
  class space    used 531K, committed 640K, reserved 1048576K
}
Event: 33545.510 GC heap after
{Heap after GC invocations=303388 (full 0):
 garbage-first heap   total 806912K, used 526126K [0x0000000601000000, 0x0000000800000000)
  region size 4096K, 1 young (4096K), 1 survivors (4096K)
 Metaspace       used 6171K, committed 6336K, reserved 1056768K
  class space    used 531K, committed 640K, reserved 1048576K
}
Event: 33545.575 GC heap before
{Heap before GC invocations=303388 (full 0):
 garbage-first heap   total 806912K, used 714542K [0x0000000601000000, 0x0000000800000000)
  region size 4096K, 47 young (192512K), 1 survivors (4096K)
 Metaspace       used 6171K, committed 6336K, reserved 1056768K
  class space    used 531K, committed 640K, reserved 1048576K
}
Event: 33545.576 GC heap after
{Heap after GC invocations=303389 (full 0):
 garbage-first heap   total 806912K, used 526042K [0x0000000601000000, 0x0000000800000000)
  region size 4096K, 1 young (4096K), 1 survivors (4096K)
 Metaspace       used 6171K, committed 6336K, reserved 1056768K
  class space    used 531K, committed 640K, reserved 1048576K
}

